\titulo(Titulo do relatorio)
\stitulo(Subtitulo do relatorio)
\autor(Ricardo Branco,a61075,a61075@alunos.uminho.pt)
\autor(Helder Gonçalves,a61084,a61084@alunos.uminho.pt)
\data()

\inst(Universidade do minho)

\keys(cha1,cabrito,test2)

\resumo
	\p{ agora dentro do paragrafo, ve se funciona \negrito{ este negrico e \italico{agora o italico}}
	}



\indice()
\indice(figuras)
\indice(tabelas)

\capitulo(cap1){
	\s1(sec1){
		\s2(sec1_2){
		\s3(seC1_2_3){
			\p{com texto}
			\codigo{
				int main 
				asdasdas
				asdas
				das
				dasdas d
				asd
				asd
				asdas
				das
				dasd
				as
				dasd
				asda
				sdasdsdasd
				asdasd

			}
		}
		}
	}
}





