Terminals which are not used

   ERROR
   BBEIU
   BEMAIL
   BURL
   BAFFIL
   BLIST


State 61 conflicts: 1 shift/reduce


Grammar

    0 $accept: Report $end

    1 Report: FrontMatter Body '$'

    2 FrontMatter: Title SubTitle Authors Date Instituition Keywords Abstract Aknowledgements Toc Lof Lot

    3 Title: BTITLE TEXT ENDARG

    4 SubTitle: BSTITLE TEXT ENDARG
    5         | /* empty */

    6 Authors: Author Authors
    7        | /* empty */

    8 Author: Bauthor Name AuthorOPT ENDARG

    9 Bauthor: BAUTHOR

   10 Name: TEXT

   11 AuthorOPT: SEP Nident AuthorOPT
   12          | SEP Url AuthorOPT
   13          | SEP Email AuthorOPT
   14          | SEP Affilliation AuthorOPT
   15          | /* empty */

   16 Nident: NID

   17 Email: EMAIL

   18 Url: URL

   19 Affilliation: TEXT

   20 Abstract: BABS ParaList ENDBLOCK

   21 Aknowledgements: BAKNOW ParaList ENDBLOCK

   22 ParaList: Paragraph BREAK ParaList
   23         | Paragraph

   24 Date: BDATE

   25 Instituition: BINST TEXT ENDARG
   26             | /* empty */

   27 Keywords: BKEY Keys ENDARG
   28         | /* empty */

   29 Keys: TEXT SEP Keys
   30     | TEXT

   31 Toc: BTOC
   32    | /* empty */

   33 Lof: BLOF
   34    | /* empty */

   35 Lot: BLOT
   36    | /* empty */

   37 Body: BBODY Chapterlist ENDARG

   38 Chapterlist: Chapterlist Chapter
   39            | Chapterlist Section
   40            | /* empty */

   41 Chapter: C_Title BEGI ElemList ENDARG

   42 C_Title: BCHAP TEXT ENDARG

   43 Section: BSEC TEXT ENDARG ElemList

   44 ElemList: ElemList Elem
   45         | Elem

   46 Elem: CodeBlock
   47     | Paragraph
   48     | Section ENDARG
   49     | Summary

   50 CodeBlock: BCODE CodeB ENDBLOCK

   51 Paragraph: BParag ParaContend ENDARG

   52 ParaContend: ParaContend TEXT_V
   53            | ParaContend FreeElem
   54            | /* empty */

   55 FreeElem: FootNote
   56         | Ref
   57         | Xref
   58         | CitRef
   59         | Iterm
   60         | InlineCode
   61         | Acronym

   62 Summary: BSUMMARY BTEXT ENDARG

   63 Ref: BREF BTEXT ENDARG

   64 Xref: BXREF BTEXT ENDARG

   65 CitRef: BCiteR BTEXT ENDARG

   66 Iterm: BIterm BTEXT ENDARG

   67 FootNote: BFoteN BTEXT ENDARG

   68 InlineCode: BLineCode BTEXT ENDARG

   69 Acronym: BAcronym BTEXT ENDARG


Terminals, with rules where they appear

$end (0) 0
'$' (36) 1
error (256)
TEXT (258) 3 4 10 19 25 29 30 42 43
ERROR (259)
ENDARG (260) 3 4 8 25 27 37 41 42 43 48 51 62 63 64 65 66 67 68 69
NID (261) 16
SEP (262) 11 12 13 14 29
EMAIL (263) 17
URL (264) 18
ENDBLOCK (265) 20 21 50
BTEXT (266) 62 63 64 65 66 67 68 69
BREAK (267) 22
BCODE (268) 50
CodeB (269) 50
BCiteR (270) 65
BIterm (271) 66
BBEIU (272)
BXREF (273) 64
BFoteN (274) 67
BAcronym (275) 69
BLineCode (276) 68
BEGI (277) 41
BTITLE (278) 3
BSTITLE (279) 4
BAUTHOR (280) 9
BEMAIL (281)
BURL (282)
BAFFIL (283)
BABS (284) 20
BDATE (285) 24
BINST (286) 25
BKEY (287) 27
BAKNOW (288) 21
BLOF (289) 33
BLOT (290) 35
BTOC (291) 31
BBODY (292) 37
BCHAP (293) 42
BLIST (294)
BSEC (295) 43
BParag (296) 51
BREF (297) 63
TEXT_V (298) 52
BSUMMARY (299) 62


Nonterminals, with rules where they appear

$accept (46)
    on left: 0
Report (47)
    on left: 1, on right: 0
FrontMatter (48)
    on left: 2, on right: 1
Title (49)
    on left: 3, on right: 2
SubTitle (50)
    on left: 4 5, on right: 2
Authors (51)
    on left: 6 7, on right: 2 6
Author (52)
    on left: 8, on right: 6
Bauthor (53)
    on left: 9, on right: 8
Name (54)
    on left: 10, on right: 8
AuthorOPT (55)
    on left: 11 12 13 14 15, on right: 8 11 12 13 14
Nident (56)
    on left: 16, on right: 11
Email (57)
    on left: 17, on right: 13
Url (58)
    on left: 18, on right: 12
Affilliation (59)
    on left: 19, on right: 14
Abstract (60)
    on left: 20, on right: 2
Aknowledgements (61)
    on left: 21, on right: 2
ParaList (62)
    on left: 22 23, on right: 20 21 22
Date (63)
    on left: 24, on right: 2
Instituition (64)
    on left: 25 26, on right: 2
Keywords (65)
    on left: 27 28, on right: 2
Keys (66)
    on left: 29 30, on right: 27 29
Toc (67)
    on left: 31 32, on right: 2
Lof (68)
    on left: 33 34, on right: 2
Lot (69)
    on left: 35 36, on right: 2
Body (70)
    on left: 37, on right: 1
Chapterlist (71)
    on left: 38 39 40, on right: 37 38 39
Chapter (72)
    on left: 41, on right: 38
C_Title (73)
    on left: 42, on right: 41
Section (74)
    on left: 43, on right: 39 48
ElemList (75)
    on left: 44 45, on right: 41 43 44
Elem (76)
    on left: 46 47 48 49, on right: 44 45
CodeBlock (77)
    on left: 50, on right: 46
Paragraph (78)
    on left: 51, on right: 22 23 47
ParaContend (79)
    on left: 52 53 54, on right: 51 52 53
FreeElem (80)
    on left: 55 56 57 58 59 60 61, on right: 53
Summary (81)
    on left: 62, on right: 49
Ref (82)
    on left: 63, on right: 56
Xref (83)
    on left: 64, on right: 57
CitRef (84)
    on left: 65, on right: 58
Iterm (85)
    on left: 66, on right: 59
FootNote (86)
    on left: 67, on right: 55
InlineCode (87)
    on left: 68, on right: 60
Acronym (88)
    on left: 69, on right: 61


state 0

    0 $accept: . Report $end

    BTITLE  shift, and go to state 1

    Report       go to state 2
    FrontMatter  go to state 3
    Title        go to state 4


state 1

    3 Title: BTITLE . TEXT ENDARG

    TEXT  shift, and go to state 5


state 2

    0 $accept: Report . $end

    $end  shift, and go to state 6


state 3

    1 Report: FrontMatter . Body '$'

    BBODY  shift, and go to state 7

    Body  go to state 8


state 4

    2 FrontMatter: Title . SubTitle Authors Date Instituition Keywords Abstract Aknowledgements Toc Lof Lot

    BSTITLE  shift, and go to state 9

    $default  reduce using rule 5 (SubTitle)

    SubTitle  go to state 10


state 5

    3 Title: BTITLE TEXT . ENDARG

    ENDARG  shift, and go to state 11


state 6

    0 $accept: Report $end .

    $default  accept


state 7

   37 Body: BBODY . Chapterlist ENDARG

    $default  reduce using rule 40 (Chapterlist)

    Chapterlist  go to state 12


state 8

    1 Report: FrontMatter Body . '$'

    '$'  shift, and go to state 13


state 9

    4 SubTitle: BSTITLE . TEXT ENDARG

    TEXT  shift, and go to state 14


state 10

    2 FrontMatter: Title SubTitle . Authors Date Instituition Keywords Abstract Aknowledgements Toc Lof Lot

    BAUTHOR  shift, and go to state 15

    $default  reduce using rule 7 (Authors)

    Authors  go to state 16
    Author   go to state 17
    Bauthor  go to state 18


state 11

    3 Title: BTITLE TEXT ENDARG .

    $default  reduce using rule 3 (Title)


state 12

   37 Body: BBODY Chapterlist . ENDARG
   38 Chapterlist: Chapterlist . Chapter
   39            | Chapterlist . Section

    ENDARG  shift, and go to state 19
    BCHAP   shift, and go to state 20
    BSEC    shift, and go to state 21

    Chapter  go to state 22
    C_Title  go to state 23
    Section  go to state 24


state 13

    1 Report: FrontMatter Body '$' .

    $default  reduce using rule 1 (Report)


state 14

    4 SubTitle: BSTITLE TEXT . ENDARG

    ENDARG  shift, and go to state 25


state 15

    9 Bauthor: BAUTHOR .

    $default  reduce using rule 9 (Bauthor)


state 16

    2 FrontMatter: Title SubTitle Authors . Date Instituition Keywords Abstract Aknowledgements Toc Lof Lot

    BDATE  shift, and go to state 26

    Date  go to state 27


state 17

    6 Authors: Author . Authors

    BAUTHOR  shift, and go to state 15

    $default  reduce using rule 7 (Authors)

    Authors  go to state 28
    Author   go to state 17
    Bauthor  go to state 18


state 18

    8 Author: Bauthor . Name AuthorOPT ENDARG

    TEXT  shift, and go to state 29

    Name  go to state 30


state 19

   37 Body: BBODY Chapterlist ENDARG .

    $default  reduce using rule 37 (Body)


state 20

   42 C_Title: BCHAP . TEXT ENDARG

    TEXT  shift, and go to state 31


state 21

   43 Section: BSEC . TEXT ENDARG ElemList

    TEXT  shift, and go to state 32


state 22

   38 Chapterlist: Chapterlist Chapter .

    $default  reduce using rule 38 (Chapterlist)


state 23

   41 Chapter: C_Title . BEGI ElemList ENDARG

    BEGI  shift, and go to state 33


state 24

   39 Chapterlist: Chapterlist Section .

    $default  reduce using rule 39 (Chapterlist)


state 25

    4 SubTitle: BSTITLE TEXT ENDARG .

    $default  reduce using rule 4 (SubTitle)


state 26

   24 Date: BDATE .

    $default  reduce using rule 24 (Date)


state 27

    2 FrontMatter: Title SubTitle Authors Date . Instituition Keywords Abstract Aknowledgements Toc Lof Lot

    BINST  shift, and go to state 34

    $default  reduce using rule 26 (Instituition)

    Instituition  go to state 35


state 28

    6 Authors: Author Authors .

    $default  reduce using rule 6 (Authors)


state 29

   10 Name: TEXT .

    $default  reduce using rule 10 (Name)


state 30

    8 Author: Bauthor Name . AuthorOPT ENDARG

    SEP  shift, and go to state 36

    $default  reduce using rule 15 (AuthorOPT)

    AuthorOPT  go to state 37


state 31

   42 C_Title: BCHAP TEXT . ENDARG

    ENDARG  shift, and go to state 38


state 32

   43 Section: BSEC TEXT . ENDARG ElemList

    ENDARG  shift, and go to state 39


state 33

   41 Chapter: C_Title BEGI . ElemList ENDARG

    BCODE     shift, and go to state 40
    BSEC      shift, and go to state 21
    BParag    shift, and go to state 41
    BSUMMARY  shift, and go to state 42

    Section    go to state 43
    ElemList   go to state 44
    Elem       go to state 45
    CodeBlock  go to state 46
    Paragraph  go to state 47
    Summary    go to state 48


state 34

   25 Instituition: BINST . TEXT ENDARG

    TEXT  shift, and go to state 49


state 35

    2 FrontMatter: Title SubTitle Authors Date Instituition . Keywords Abstract Aknowledgements Toc Lof Lot

    BKEY  shift, and go to state 50

    $default  reduce using rule 28 (Keywords)

    Keywords  go to state 51


state 36

   11 AuthorOPT: SEP . Nident AuthorOPT
   12          | SEP . Url AuthorOPT
   13          | SEP . Email AuthorOPT
   14          | SEP . Affilliation AuthorOPT

    TEXT   shift, and go to state 52
    NID    shift, and go to state 53
    EMAIL  shift, and go to state 54
    URL    shift, and go to state 55

    Nident        go to state 56
    Email         go to state 57
    Url           go to state 58
    Affilliation  go to state 59


state 37

    8 Author: Bauthor Name AuthorOPT . ENDARG

    ENDARG  shift, and go to state 60


state 38

   42 C_Title: BCHAP TEXT ENDARG .

    $default  reduce using rule 42 (C_Title)


state 39

   43 Section: BSEC TEXT ENDARG . ElemList

    BCODE     shift, and go to state 40
    BSEC      shift, and go to state 21
    BParag    shift, and go to state 41
    BSUMMARY  shift, and go to state 42

    Section    go to state 43
    ElemList   go to state 61
    Elem       go to state 45
    CodeBlock  go to state 46
    Paragraph  go to state 47
    Summary    go to state 48


state 40

   50 CodeBlock: BCODE . CodeB ENDBLOCK

    CodeB  shift, and go to state 62


state 41

   51 Paragraph: BParag . ParaContend ENDARG

    $default  reduce using rule 54 (ParaContend)

    ParaContend  go to state 63


state 42

   62 Summary: BSUMMARY . BTEXT ENDARG

    BTEXT  shift, and go to state 64


state 43

   48 Elem: Section . ENDARG

    ENDARG  shift, and go to state 65


state 44

   41 Chapter: C_Title BEGI ElemList . ENDARG
   44 ElemList: ElemList . Elem

    ENDARG    shift, and go to state 66
    BCODE     shift, and go to state 40
    BSEC      shift, and go to state 21
    BParag    shift, and go to state 41
    BSUMMARY  shift, and go to state 42

    Section    go to state 43
    Elem       go to state 67
    CodeBlock  go to state 46
    Paragraph  go to state 47
    Summary    go to state 48


state 45

   45 ElemList: Elem .

    $default  reduce using rule 45 (ElemList)


state 46

   46 Elem: CodeBlock .

    $default  reduce using rule 46 (Elem)


state 47

   47 Elem: Paragraph .

    $default  reduce using rule 47 (Elem)


state 48

   49 Elem: Summary .

    $default  reduce using rule 49 (Elem)


state 49

   25 Instituition: BINST TEXT . ENDARG

    ENDARG  shift, and go to state 68


state 50

   27 Keywords: BKEY . Keys ENDARG

    TEXT  shift, and go to state 69

    Keys  go to state 70


state 51

    2 FrontMatter: Title SubTitle Authors Date Instituition Keywords . Abstract Aknowledgements Toc Lof Lot

    BABS  shift, and go to state 71

    Abstract  go to state 72


state 52

   19 Affilliation: TEXT .

    $default  reduce using rule 19 (Affilliation)


state 53

   16 Nident: NID .

    $default  reduce using rule 16 (Nident)


state 54

   17 Email: EMAIL .

    $default  reduce using rule 17 (Email)


state 55

   18 Url: URL .

    $default  reduce using rule 18 (Url)


state 56

   11 AuthorOPT: SEP Nident . AuthorOPT

    SEP  shift, and go to state 36

    $default  reduce using rule 15 (AuthorOPT)

    AuthorOPT  go to state 73


state 57

   13 AuthorOPT: SEP Email . AuthorOPT

    SEP  shift, and go to state 36

    $default  reduce using rule 15 (AuthorOPT)

    AuthorOPT  go to state 74


state 58

   12 AuthorOPT: SEP Url . AuthorOPT

    SEP  shift, and go to state 36

    $default  reduce using rule 15 (AuthorOPT)

    AuthorOPT  go to state 75


state 59

   14 AuthorOPT: SEP Affilliation . AuthorOPT

    SEP  shift, and go to state 36

    $default  reduce using rule 15 (AuthorOPT)

    AuthorOPT  go to state 76


state 60

    8 Author: Bauthor Name AuthorOPT ENDARG .

    $default  reduce using rule 8 (Author)


state 61

   43 Section: BSEC TEXT ENDARG ElemList .
   44 ElemList: ElemList . Elem

    BCODE     shift, and go to state 40
    BSEC      shift, and go to state 21
    BParag    shift, and go to state 41
    BSUMMARY  shift, and go to state 42

    BSEC      [reduce using rule 43 (Section)]
    $default  reduce using rule 43 (Section)

    Section    go to state 43
    Elem       go to state 67
    CodeBlock  go to state 46
    Paragraph  go to state 47
    Summary    go to state 48


state 62

   50 CodeBlock: BCODE CodeB . ENDBLOCK

    ENDBLOCK  shift, and go to state 77


state 63

   51 Paragraph: BParag ParaContend . ENDARG
   52 ParaContend: ParaContend . TEXT_V
   53            | ParaContend . FreeElem

    ENDARG     shift, and go to state 78
    BCiteR     shift, and go to state 79
    BIterm     shift, and go to state 80
    BXREF      shift, and go to state 81
    BFoteN     shift, and go to state 82
    BAcronym   shift, and go to state 83
    BLineCode  shift, and go to state 84
    BREF       shift, and go to state 85
    TEXT_V     shift, and go to state 86

    FreeElem    go to state 87
    Ref         go to state 88
    Xref        go to state 89
    CitRef      go to state 90
    Iterm       go to state 91
    FootNote    go to state 92
    InlineCode  go to state 93
    Acronym     go to state 94


state 64

   62 Summary: BSUMMARY BTEXT . ENDARG

    ENDARG  shift, and go to state 95


state 65

   48 Elem: Section ENDARG .

    $default  reduce using rule 48 (Elem)


state 66

   41 Chapter: C_Title BEGI ElemList ENDARG .

    $default  reduce using rule 41 (Chapter)


state 67

   44 ElemList: ElemList Elem .

    $default  reduce using rule 44 (ElemList)


state 68

   25 Instituition: BINST TEXT ENDARG .

    $default  reduce using rule 25 (Instituition)


state 69

   29 Keys: TEXT . SEP Keys
   30     | TEXT .

    SEP  shift, and go to state 96

    $default  reduce using rule 30 (Keys)


state 70

   27 Keywords: BKEY Keys . ENDARG

    ENDARG  shift, and go to state 97


state 71

   20 Abstract: BABS . ParaList ENDBLOCK

    BParag  shift, and go to state 41

    ParaList   go to state 98
    Paragraph  go to state 99


state 72

    2 FrontMatter: Title SubTitle Authors Date Instituition Keywords Abstract . Aknowledgements Toc Lof Lot

    BAKNOW  shift, and go to state 100

    Aknowledgements  go to state 101


state 73

   11 AuthorOPT: SEP Nident AuthorOPT .

    $default  reduce using rule 11 (AuthorOPT)


state 74

   13 AuthorOPT: SEP Email AuthorOPT .

    $default  reduce using rule 13 (AuthorOPT)


state 75

   12 AuthorOPT: SEP Url AuthorOPT .

    $default  reduce using rule 12 (AuthorOPT)


state 76

   14 AuthorOPT: SEP Affilliation AuthorOPT .

    $default  reduce using rule 14 (AuthorOPT)


state 77

   50 CodeBlock: BCODE CodeB ENDBLOCK .

    $default  reduce using rule 50 (CodeBlock)


state 78

   51 Paragraph: BParag ParaContend ENDARG .

    $default  reduce using rule 51 (Paragraph)


state 79

   65 CitRef: BCiteR . BTEXT ENDARG

    BTEXT  shift, and go to state 102


state 80

   66 Iterm: BIterm . BTEXT ENDARG

    BTEXT  shift, and go to state 103


state 81

   64 Xref: BXREF . BTEXT ENDARG

    BTEXT  shift, and go to state 104


state 82

   67 FootNote: BFoteN . BTEXT ENDARG

    BTEXT  shift, and go to state 105


state 83

   69 Acronym: BAcronym . BTEXT ENDARG

    BTEXT  shift, and go to state 106


state 84

   68 InlineCode: BLineCode . BTEXT ENDARG

    BTEXT  shift, and go to state 107


state 85

   63 Ref: BREF . BTEXT ENDARG

    BTEXT  shift, and go to state 108


state 86

   52 ParaContend: ParaContend TEXT_V .

    $default  reduce using rule 52 (ParaContend)


state 87

   53 ParaContend: ParaContend FreeElem .

    $default  reduce using rule 53 (ParaContend)


state 88

   56 FreeElem: Ref .

    $default  reduce using rule 56 (FreeElem)


state 89

   57 FreeElem: Xref .

    $default  reduce using rule 57 (FreeElem)


state 90

   58 FreeElem: CitRef .

    $default  reduce using rule 58 (FreeElem)


state 91

   59 FreeElem: Iterm .

    $default  reduce using rule 59 (FreeElem)


state 92

   55 FreeElem: FootNote .

    $default  reduce using rule 55 (FreeElem)


state 93

   60 FreeElem: InlineCode .

    $default  reduce using rule 60 (FreeElem)


state 94

   61 FreeElem: Acronym .

    $default  reduce using rule 61 (FreeElem)


state 95

   62 Summary: BSUMMARY BTEXT ENDARG .

    $default  reduce using rule 62 (Summary)


state 96

   29 Keys: TEXT SEP . Keys

    TEXT  shift, and go to state 69

    Keys  go to state 109


state 97

   27 Keywords: BKEY Keys ENDARG .

    $default  reduce using rule 27 (Keywords)


state 98

   20 Abstract: BABS ParaList . ENDBLOCK

    ENDBLOCK  shift, and go to state 110


state 99

   22 ParaList: Paragraph . BREAK ParaList
   23         | Paragraph .

    BREAK  shift, and go to state 111

    $default  reduce using rule 23 (ParaList)


state 100

   21 Aknowledgements: BAKNOW . ParaList ENDBLOCK

    BParag  shift, and go to state 41

    ParaList   go to state 112
    Paragraph  go to state 99


state 101

    2 FrontMatter: Title SubTitle Authors Date Instituition Keywords Abstract Aknowledgements . Toc Lof Lot

    BTOC  shift, and go to state 113

    $default  reduce using rule 32 (Toc)

    Toc  go to state 114


state 102

   65 CitRef: BCiteR BTEXT . ENDARG

    ENDARG  shift, and go to state 115


state 103

   66 Iterm: BIterm BTEXT . ENDARG

    ENDARG  shift, and go to state 116


state 104

   64 Xref: BXREF BTEXT . ENDARG

    ENDARG  shift, and go to state 117


state 105

   67 FootNote: BFoteN BTEXT . ENDARG

    ENDARG  shift, and go to state 118


state 106

   69 Acronym: BAcronym BTEXT . ENDARG

    ENDARG  shift, and go to state 119


state 107

   68 InlineCode: BLineCode BTEXT . ENDARG

    ENDARG  shift, and go to state 120


state 108

   63 Ref: BREF BTEXT . ENDARG

    ENDARG  shift, and go to state 121


state 109

   29 Keys: TEXT SEP Keys .

    $default  reduce using rule 29 (Keys)


state 110

   20 Abstract: BABS ParaList ENDBLOCK .

    $default  reduce using rule 20 (Abstract)


state 111

   22 ParaList: Paragraph BREAK . ParaList

    BParag  shift, and go to state 41

    ParaList   go to state 122
    Paragraph  go to state 99


state 112

   21 Aknowledgements: BAKNOW ParaList . ENDBLOCK

    ENDBLOCK  shift, and go to state 123


state 113

   31 Toc: BTOC .

    $default  reduce using rule 31 (Toc)


state 114

    2 FrontMatter: Title SubTitle Authors Date Instituition Keywords Abstract Aknowledgements Toc . Lof Lot

    BLOF  shift, and go to state 124

    $default  reduce using rule 34 (Lof)

    Lof  go to state 125


state 115

   65 CitRef: BCiteR BTEXT ENDARG .

    $default  reduce using rule 65 (CitRef)


state 116

   66 Iterm: BIterm BTEXT ENDARG .

    $default  reduce using rule 66 (Iterm)


state 117

   64 Xref: BXREF BTEXT ENDARG .

    $default  reduce using rule 64 (Xref)


state 118

   67 FootNote: BFoteN BTEXT ENDARG .

    $default  reduce using rule 67 (FootNote)


state 119

   69 Acronym: BAcronym BTEXT ENDARG .

    $default  reduce using rule 69 (Acronym)


state 120

   68 InlineCode: BLineCode BTEXT ENDARG .

    $default  reduce using rule 68 (InlineCode)


state 121

   63 Ref: BREF BTEXT ENDARG .

    $default  reduce using rule 63 (Ref)


state 122

   22 ParaList: Paragraph BREAK ParaList .

    $default  reduce using rule 22 (ParaList)


state 123

   21 Aknowledgements: BAKNOW ParaList ENDBLOCK .

    $default  reduce using rule 21 (Aknowledgements)


state 124

   33 Lof: BLOF .

    $default  reduce using rule 33 (Lof)


state 125

    2 FrontMatter: Title SubTitle Authors Date Instituition Keywords Abstract Aknowledgements Toc Lof . Lot

    BLOT  shift, and go to state 126

    $default  reduce using rule 36 (Lot)

    Lot  go to state 127


state 126

   35 Lot: BLOT .

    $default  reduce using rule 35 (Lot)


state 127

    2 FrontMatter: Title SubTitle Authors Date Instituition Keywords Abstract Aknowledgements Toc Lof Lot .

    $default  reduce using rule 2 (FrontMatter)
