\titulo(Titulo do relatorio)
\stitulo(Subtitulo do relatorio)
\autor(Ricardo Branco,a61075,a61075@alunos.uminho.pt)
\autor(Helder Gonçalves,a61084,a61084@alunos.uminho.pt)
\data()

\inst(Universidade do minho)

\keys(cha1,cabrito,test2)

\resumo{ teste exmplo do resumo, a que ) uma coisa ou outra ate ajhcaj 8263 ao ultimio '\}' e vamos lá ver se dá

	\p{ agora dentro do paragrafo, ve se funciona \negrito( este negrico e \italico(agora o italico))
	}
}

\indice()
\indice(figuras)
\indice(tabelas)


\capitulo(Era uma vez, um){
	\p{
		1 capitulo.. mas is nada
	}
}
\capitulo(TESTE A SERIO){

	\codigo{
		bloco de codigo /uma vez \\ \ fui passear

		por uma terra brilhante

		90kcs)88 ][] e ver se isto funca \} 
		tenta meter aqui um cenas igual ao de fechar, para ver oque ele faz
	}
	
	\tabela(

		\linha{
			\cel(c,1){ começo a escrever}
			\cel(c,1){ e aqui continua}

		}
		\linha{
			cel(c,2){tentar por uma celula só a ocupar as duas}
		}
	)

}




