Terminals which are not used

   BURL
   BAFFIL
   BEMAIL


Grammar

    0 $accept: Report $end

    1 Report: FrontMatter '$'

    2 FrontMatter: Title STitle Authores Date Institution Keywords Abstract Aknowledgements Indice

    3 Title: BTITLE '(' arg ')'

    4 STitle: BSTITLE '(' arg ')'
    5       | /* empty */

    6 Authores: Authores Author
    7         | Author

    8 Author: Bauthor '(' Nome OPT_Author ')'

    9 Bauthor: BAUTHOR

   10 Nome: arg

   11 OPT_Author: Nident OPT_A_UM
   12           | OPT_A_UM

   13 OPT_A_UM: Email OPT_A_Dois
   14         | OPT_A_Dois

   15 OPT_A_Dois: Url OPT_A_Tres
   16           | OPT_A_Tres

   17 OPT_A_Tres: Affiliation
   18           | /* empty */

   19 Nident: sep id

   20 Email: sep email

   21 Url: sep url

   22 Affiliation: sep arg

   23 Date: BDATE '(' ')'

   24 Institution: BINST '(' arg ')'
   25            | /* empty */

   26 Keywords: BKEY '(' Keys ')'
   27         | /* empty */

   28 Keys: Keys sep Key
   29     | Key

   30 Key: arg

   31 Abstract: BABS '{' ParaList '}'

   32 Aknowledgements: BAKNOW '{' ParaList '}'
   33                | /* empty */

   34 Indice: Toc

   35 Toc: BINDICE '(' ')' Lof
   36    | Lof

   37 Lof: BINDICE '(' IFIGURE ')' Lot
   38    | Lot

   39 Lot: BINDICE '(' ITABLE ')'
   40    | /* empty */

   41 ParaList: /* empty */


Terminals, with rules where they appear

$end (0) 0
'$' (36) 1
'(' (40) 3 4 8 23 24 26 35 37 39
')' (41) 3 4 8 23 24 26 35 37 39
'{' (123) 31 32
'}' (125) 31 32
error (256)
arg (258) 3 4 10 22 24 30
id (259) 19
email (260) 20
url (261) 21
sep (262) 19 20 21 22 28
BTITLE (263) 3
BSTITLE (264) 4
BAUTHOR (265) 9
BURL (266)
BAFFIL (267)
BEMAIL (268)
BDATE (269) 23
BINST (270) 24
BKEY (271) 26
BABS (272) 31
BAKNOW (273) 32
BINDICE (274) 35 37 39
IFIGURE (275) 37
ITABLE (276) 39


Nonterminals, with rules where they appear

$accept (27)
    on left: 0
Report (28)
    on left: 1, on right: 0
FrontMatter (29)
    on left: 2, on right: 1
Title (30)
    on left: 3, on right: 2
STitle (31)
    on left: 4 5, on right: 2
Authores (32)
    on left: 6 7, on right: 2 6
Author (33)
    on left: 8, on right: 6 7
Bauthor (34)
    on left: 9, on right: 8
Nome (35)
    on left: 10, on right: 8
OPT_Author (36)
    on left: 11 12, on right: 8
OPT_A_UM (37)
    on left: 13 14, on right: 11 12
OPT_A_Dois (38)
    on left: 15 16, on right: 13 14
OPT_A_Tres (39)
    on left: 17 18, on right: 15 16
Nident (40)
    on left: 19, on right: 11
Email (41)
    on left: 20, on right: 13
Url (42)
    on left: 21, on right: 15
Affiliation (43)
    on left: 22, on right: 17
Date (44)
    on left: 23, on right: 2
Institution (45)
    on left: 24 25, on right: 2
Keywords (46)
    on left: 26 27, on right: 2
Keys (47)
    on left: 28 29, on right: 26 28
Key (48)
    on left: 30, on right: 28 29
Abstract (49)
    on left: 31, on right: 2
Aknowledgements (50)
    on left: 32 33, on right: 2
Indice (51)
    on left: 34, on right: 2
Toc (52)
    on left: 35 36, on right: 34
Lof (53)
    on left: 37 38, on right: 35 36
Lot (54)
    on left: 39 40, on right: 37 38
ParaList (55)
    on left: 41, on right: 31 32


state 0

    0 $accept: . Report $end

    BTITLE  shift, and go to state 1

    Report       go to state 2
    FrontMatter  go to state 3
    Title        go to state 4


state 1

    3 Title: BTITLE . '(' arg ')'

    '('  shift, and go to state 5


state 2

    0 $accept: Report . $end

    $end  shift, and go to state 6


state 3

    1 Report: FrontMatter . '$'

    '$'  shift, and go to state 7


state 4

    2 FrontMatter: Title . STitle Authores Date Institution Keywords Abstract Aknowledgements Indice

    BSTITLE  shift, and go to state 8

    $default  reduce using rule 5 (STitle)

    STitle  go to state 9


state 5

    3 Title: BTITLE '(' . arg ')'

    arg  shift, and go to state 10


state 6

    0 $accept: Report $end .

    $default  accept


state 7

    1 Report: FrontMatter '$' .

    $default  reduce using rule 1 (Report)


state 8

    4 STitle: BSTITLE . '(' arg ')'

    '('  shift, and go to state 11


state 9

    2 FrontMatter: Title STitle . Authores Date Institution Keywords Abstract Aknowledgements Indice

    BAUTHOR  shift, and go to state 12

    Authores  go to state 13
    Author    go to state 14
    Bauthor   go to state 15


state 10

    3 Title: BTITLE '(' arg . ')'

    ')'  shift, and go to state 16


state 11

    4 STitle: BSTITLE '(' . arg ')'

    arg  shift, and go to state 17


state 12

    9 Bauthor: BAUTHOR .

    $default  reduce using rule 9 (Bauthor)


state 13

    2 FrontMatter: Title STitle Authores . Date Institution Keywords Abstract Aknowledgements Indice
    6 Authores: Authores . Author

    BAUTHOR  shift, and go to state 12
    BDATE    shift, and go to state 18

    Author   go to state 19
    Bauthor  go to state 15
    Date     go to state 20


state 14

    7 Authores: Author .

    $default  reduce using rule 7 (Authores)


state 15

    8 Author: Bauthor . '(' Nome OPT_Author ')'

    '('  shift, and go to state 21


state 16

    3 Title: BTITLE '(' arg ')' .

    $default  reduce using rule 3 (Title)


state 17

    4 STitle: BSTITLE '(' arg . ')'

    ')'  shift, and go to state 22


state 18

   23 Date: BDATE . '(' ')'

    '('  shift, and go to state 23


state 19

    6 Authores: Authores Author .

    $default  reduce using rule 6 (Authores)


state 20

    2 FrontMatter: Title STitle Authores Date . Institution Keywords Abstract Aknowledgements Indice

    BINST  shift, and go to state 24

    $default  reduce using rule 25 (Institution)

    Institution  go to state 25


state 21

    8 Author: Bauthor '(' . Nome OPT_Author ')'

    arg  shift, and go to state 26

    Nome  go to state 27


state 22

    4 STitle: BSTITLE '(' arg ')' .

    $default  reduce using rule 4 (STitle)


state 23

   23 Date: BDATE '(' . ')'

    ')'  shift, and go to state 28


state 24

   24 Institution: BINST . '(' arg ')'

    '('  shift, and go to state 29


state 25

    2 FrontMatter: Title STitle Authores Date Institution . Keywords Abstract Aknowledgements Indice

    BKEY  shift, and go to state 30

    $default  reduce using rule 27 (Keywords)

    Keywords  go to state 31


state 26

   10 Nome: arg .

    $default  reduce using rule 10 (Nome)


state 27

    8 Author: Bauthor '(' Nome . OPT_Author ')'

    sep  shift, and go to state 32

    $default  reduce using rule 18 (OPT_A_Tres)

    OPT_Author   go to state 33
    OPT_A_UM     go to state 34
    OPT_A_Dois   go to state 35
    OPT_A_Tres   go to state 36
    Nident       go to state 37
    Email        go to state 38
    Url          go to state 39
    Affiliation  go to state 40


state 28

   23 Date: BDATE '(' ')' .

    $default  reduce using rule 23 (Date)


state 29

   24 Institution: BINST '(' . arg ')'

    arg  shift, and go to state 41


state 30

   26 Keywords: BKEY . '(' Keys ')'

    '('  shift, and go to state 42


state 31

    2 FrontMatter: Title STitle Authores Date Institution Keywords . Abstract Aknowledgements Indice

    BABS  shift, and go to state 43

    Abstract  go to state 44


state 32

   19 Nident: sep . id
   20 Email: sep . email
   21 Url: sep . url
   22 Affiliation: sep . arg

    arg    shift, and go to state 45
    id     shift, and go to state 46
    email  shift, and go to state 47
    url    shift, and go to state 48


state 33

    8 Author: Bauthor '(' Nome OPT_Author . ')'

    ')'  shift, and go to state 49


state 34

   12 OPT_Author: OPT_A_UM .

    $default  reduce using rule 12 (OPT_Author)


state 35

   14 OPT_A_UM: OPT_A_Dois .

    $default  reduce using rule 14 (OPT_A_UM)


state 36

   16 OPT_A_Dois: OPT_A_Tres .

    $default  reduce using rule 16 (OPT_A_Dois)


state 37

   11 OPT_Author: Nident . OPT_A_UM

    sep  shift, and go to state 50

    $default  reduce using rule 18 (OPT_A_Tres)

    OPT_A_UM     go to state 51
    OPT_A_Dois   go to state 35
    OPT_A_Tres   go to state 36
    Email        go to state 38
    Url          go to state 39
    Affiliation  go to state 40


state 38

   13 OPT_A_UM: Email . OPT_A_Dois

    sep  shift, and go to state 52

    $default  reduce using rule 18 (OPT_A_Tres)

    OPT_A_Dois   go to state 53
    OPT_A_Tres   go to state 36
    Url          go to state 39
    Affiliation  go to state 40


state 39

   15 OPT_A_Dois: Url . OPT_A_Tres

    sep  shift, and go to state 54

    $default  reduce using rule 18 (OPT_A_Tres)

    OPT_A_Tres   go to state 55
    Affiliation  go to state 40


state 40

   17 OPT_A_Tres: Affiliation .

    $default  reduce using rule 17 (OPT_A_Tres)


state 41

   24 Institution: BINST '(' arg . ')'

    ')'  shift, and go to state 56


state 42

   26 Keywords: BKEY '(' . Keys ')'

    arg  shift, and go to state 57

    Keys  go to state 58
    Key   go to state 59


state 43

   31 Abstract: BABS . '{' ParaList '}'

    '{'  shift, and go to state 60


state 44

    2 FrontMatter: Title STitle Authores Date Institution Keywords Abstract . Aknowledgements Indice

    BAKNOW  shift, and go to state 61

    $default  reduce using rule 33 (Aknowledgements)

    Aknowledgements  go to state 62


state 45

   22 Affiliation: sep arg .

    $default  reduce using rule 22 (Affiliation)


state 46

   19 Nident: sep id .

    $default  reduce using rule 19 (Nident)


state 47

   20 Email: sep email .

    $default  reduce using rule 20 (Email)


state 48

   21 Url: sep url .

    $default  reduce using rule 21 (Url)


state 49

    8 Author: Bauthor '(' Nome OPT_Author ')' .

    $default  reduce using rule 8 (Author)


state 50

   20 Email: sep . email
   21 Url: sep . url
   22 Affiliation: sep . arg

    arg    shift, and go to state 45
    email  shift, and go to state 47
    url    shift, and go to state 48


state 51

   11 OPT_Author: Nident OPT_A_UM .

    $default  reduce using rule 11 (OPT_Author)


state 52

   21 Url: sep . url
   22 Affiliation: sep . arg

    arg  shift, and go to state 45
    url  shift, and go to state 48


state 53

   13 OPT_A_UM: Email OPT_A_Dois .

    $default  reduce using rule 13 (OPT_A_UM)


state 54

   22 Affiliation: sep . arg

    arg  shift, and go to state 45


state 55

   15 OPT_A_Dois: Url OPT_A_Tres .

    $default  reduce using rule 15 (OPT_A_Dois)


state 56

   24 Institution: BINST '(' arg ')' .

    $default  reduce using rule 24 (Institution)


state 57

   30 Key: arg .

    $default  reduce using rule 30 (Key)


state 58

   26 Keywords: BKEY '(' Keys . ')'
   28 Keys: Keys . sep Key

    sep  shift, and go to state 63
    ')'  shift, and go to state 64


state 59

   29 Keys: Key .

    $default  reduce using rule 29 (Keys)


state 60

   31 Abstract: BABS '{' . ParaList '}'

    $default  reduce using rule 41 (ParaList)

    ParaList  go to state 65


state 61

   32 Aknowledgements: BAKNOW . '{' ParaList '}'

    '{'  shift, and go to state 66


state 62

    2 FrontMatter: Title STitle Authores Date Institution Keywords Abstract Aknowledgements . Indice

    BINDICE  shift, and go to state 67

    $default  reduce using rule 40 (Lot)

    Indice  go to state 68
    Toc     go to state 69
    Lof     go to state 70
    Lot     go to state 71


state 63

   28 Keys: Keys sep . Key

    arg  shift, and go to state 57

    Key  go to state 72


state 64

   26 Keywords: BKEY '(' Keys ')' .

    $default  reduce using rule 26 (Keywords)


state 65

   31 Abstract: BABS '{' ParaList . '}'

    '}'  shift, and go to state 73


state 66

   32 Aknowledgements: BAKNOW '{' . ParaList '}'

    $default  reduce using rule 41 (ParaList)

    ParaList  go to state 74


state 67

   35 Toc: BINDICE . '(' ')' Lof
   37 Lof: BINDICE . '(' IFIGURE ')' Lot
   39 Lot: BINDICE . '(' ITABLE ')'

    '('  shift, and go to state 75


state 68

    2 FrontMatter: Title STitle Authores Date Institution Keywords Abstract Aknowledgements Indice .

    $default  reduce using rule 2 (FrontMatter)


state 69

   34 Indice: Toc .

    $default  reduce using rule 34 (Indice)


state 70

   36 Toc: Lof .

    $default  reduce using rule 36 (Toc)


state 71

   38 Lof: Lot .

    $default  reduce using rule 38 (Lof)


state 72

   28 Keys: Keys sep Key .

    $default  reduce using rule 28 (Keys)


state 73

   31 Abstract: BABS '{' ParaList '}' .

    $default  reduce using rule 31 (Abstract)


state 74

   32 Aknowledgements: BAKNOW '{' ParaList . '}'

    '}'  shift, and go to state 76


state 75

   35 Toc: BINDICE '(' . ')' Lof
   37 Lof: BINDICE '(' . IFIGURE ')' Lot
   39 Lot: BINDICE '(' . ITABLE ')'

    IFIGURE  shift, and go to state 77
    ITABLE   shift, and go to state 78
    ')'      shift, and go to state 79


state 76

   32 Aknowledgements: BAKNOW '{' ParaList '}' .

    $default  reduce using rule 32 (Aknowledgements)


state 77

   37 Lof: BINDICE '(' IFIGURE . ')' Lot

    ')'  shift, and go to state 80


state 78

   39 Lot: BINDICE '(' ITABLE . ')'

    ')'  shift, and go to state 81


state 79

   35 Toc: BINDICE '(' ')' . Lof

    BINDICE  shift, and go to state 82

    $default  reduce using rule 40 (Lot)

    Lof  go to state 83
    Lot  go to state 71


state 80

   37 Lof: BINDICE '(' IFIGURE ')' . Lot

    BINDICE  shift, and go to state 84

    $default  reduce using rule 40 (Lot)

    Lot  go to state 85


state 81

   39 Lot: BINDICE '(' ITABLE ')' .

    $default  reduce using rule 39 (Lot)


state 82

   37 Lof: BINDICE . '(' IFIGURE ')' Lot
   39 Lot: BINDICE . '(' ITABLE ')'

    '('  shift, and go to state 86


state 83

   35 Toc: BINDICE '(' ')' Lof .

    $default  reduce using rule 35 (Toc)


state 84

   39 Lot: BINDICE . '(' ITABLE ')'

    '('  shift, and go to state 87


state 85

   37 Lof: BINDICE '(' IFIGURE ')' Lot .

    $default  reduce using rule 37 (Lof)


state 86

   37 Lof: BINDICE '(' . IFIGURE ')' Lot
   39 Lot: BINDICE '(' . ITABLE ')'

    IFIGURE  shift, and go to state 77
    ITABLE   shift, and go to state 78


state 87

   39 Lot: BINDICE '(' . ITABLE ')'

    ITABLE  shift, and go to state 78
